2023-07-13 12:00:40.643 [info] Log level: Info
2023-07-13 12:00:40.643 [info] Validating found git in: "git"
2023-07-13 12:00:40.643 [info] Using git "2.34.1" from "git"
2023-07-13 12:00:40.643 [info] > git rev-parse --show-toplevel [28ms]
2023-07-13 12:00:40.643 [info] > git rev-parse --git-dir --git-common-dir [1ms]
2023-07-13 12:00:40.643 [info] Open repository: /home/rdchabi
2023-07-13 12:00:40.643 [info] > git rev-parse --show-toplevel [28ms]
2023-07-13 12:00:40.643 [info] > git rev-parse --show-toplevel [2ms]
2023-07-13 12:00:40.643 [info] > git config --get commit.template [31ms]
2023-07-13 12:00:40.645 [info] > git rev-parse --show-toplevel [3ms]
2023-07-13 12:00:40.653 [info] > git rev-parse --show-toplevel [6ms]
2023-07-13 12:00:40.655 [info] > git for-each-ref --format=%(refname)%00%(upstream:short)%00%(objectname)%00%(upstream:track)%00%(upstream:remotename)%00%(upstream:remoteref) refs/heads/master refs/remotes/master [4ms]
2023-07-13 12:00:40.676 [info] > git status -z -uall [17ms]
2023-07-13 12:00:41.286 [info] > git check-ignore -v -z --stdin [17ms]
2023-07-13 12:00:41.288 [info] > git config --get commit.template [34ms]
2023-07-13 12:00:41.297 [info] > git for-each-ref --format=%(refname)%00%(upstream:short)%00%(objectname)%00%(upstream:track)%00%(upstream:remotename)%00%(upstream:remoteref) refs/heads/master refs/remotes/master [2ms]
2023-07-13 12:00:41.323 [info] > git status -z -uall [20ms]
2023-07-13 12:00:41.396 [info] > git show --textconv :web.html [7ms]
2023-07-13 12:00:41.396 [info] > git ls-files --stage -- /home/rdchabi/web.html [3ms]
2023-07-13 12:00:41.401 [info] > git cat-file -s f4e8cdf6a6574bb550e60fd27504b954605d6a2d [2ms]
2023-07-13 12:00:46.356 [info] > git config --get commit.template [0ms]
2023-07-13 12:00:46.361 [info] > git for-each-ref --format=%(refname)%00%(upstream:short)%00%(objectname)%00%(upstream:track)%00%(upstream:remotename)%00%(upstream:remoteref) refs/heads/master refs/remotes/master [1ms]
2023-07-13 12:00:46.383 [info] > git status -z -uall [17ms]
2023-07-13 12:00:51.463 [info] > git config --get commit.template [8ms]
2023-07-13 12:00:51.465 [info] > git for-each-ref --format=%(refname)%00%(upstream:short)%00%(objectname)%00%(upstream:track)%00%(upstream:remotename)%00%(upstream:remoteref) refs/heads/master refs/remotes/master [3ms]
2023-07-13 12:00:51.486 [info] > git status -z -uall [16ms]
2023-07-13 12:00:56.536 [info] > git config --get commit.template [1ms]
2023-07-13 12:00:56.541 [info] > git for-each-ref --format=%(refname)%00%(upstream:short)%00%(objectname)%00%(upstream:track)%00%(upstream:remotename)%00%(upstream:remoteref) refs/heads/master refs/remotes/master [1ms]
2023-07-13 12:00:56.561 [info] > git status -z -uall [16ms]
2023-07-13 12:01:01.609 [info] > git config --get commit.template [1ms]
2023-07-13 12:01:01.617 [info] > git for-each-ref --format=%(refname)%00%(upstream:short)%00%(objectname)%00%(upstream:track)%00%(upstream:remotename)%00%(upstream:remoteref) refs/heads/master refs/remotes/master [0ms]
2023-07-13 12:01:01.637 [info] > git status -z -uall [15ms]
